<?xml version="1.0" encoding="UTF-8"?>
<coverage generated="1717557074710" clover="3.2.0">
  <project timestamp="1717557074710" name="All files">
    <metrics statements="14" coveredstatements="14" conditionals="5" coveredconditionals="3" methods="2" coveredmethods="2" elements="21" coveredelements="19" complexity="0" loc="14" ncloc="14" packages="2" files="2" classes="2"/>
    <package name="cse341_finalproject">
      <metrics statements="4" coveredstatements="4" conditionals="1" coveredconditionals="1" methods="1" coveredmethods="1"/>
      <file name="sum.js" path="C:\Users\angel\OneDrive\Documentos\byu_cursos\angello_programación\web_services\cse341_finalproject\sum.js">
        <metrics statements="4" coveredstatements="4" conditionals="1" coveredconditionals="1" methods="1" coveredmethods="1"/>
        <line num="1" count="1" type="cond" truecount="1" falsecount="0"/>
        <line num="2" count="1" type="stmt"/>
        <line num="3" count="1" type="stmt"/>
        <line num="4" count="1" type="stmt"/>
      </file>
    </package>
    <package name="cse341_finalproject.src">
      <metrics statements="10" coveredstatements="10" conditionals="4" coveredconditionals="2" methods="1" coveredmethods="1"/>
      <file name="filterByTerm.js" path="C:\Users\angel\OneDrive\Documentos\byu_cursos\angello_programación\web_services\cse341_finalproject\src\filterByTerm.js">
        <metrics statements="10" coveredstatements="10" conditionals="4" coveredconditionals="2" methods="1" coveredmethods="1"/>
        <line num="1" count="1" type="cond" truecount="1" falsecount="0"/>
        <line num="2" count="1" type="cond" truecount="0" falsecount="1"/>
        <line num="3" count="1" type="cond" truecount="0" falsecount="1"/>
        <line num="4" count="1" type="stmt"/>
        <line num="5" count="1" type="cond" truecount="1" falsecount="0"/>
        <line num="6" count="3" type="stmt"/>
        <line num="7" count="1" type="stmt"/>
        <line num="8" count="1" type="stmt"/>
        <line num="9" count="1" type="stmt"/>
        <line num="10" count="1" type="stmt"/>
      </file>
    </package>
  </project>
</coverage>
