{"C:\\Users\\angel\\OneDrive\\Documentos\\byu_cursos\\angello_programación\\web_services\\cse341_finalproject\\sum.js": {"path":"C:\\Users\\angel\\OneDrive\\Documentos\\byu_cursos\\angello_programación\\web_services\\cse341_finalproject\\sum.js","all":false,"statementMap":{"0":{"start":{"line":1,"column":0},"end":{"line":1,"column":20}},"1":{"start":{"line":2,"column":0},"end":{"line":2,"column":17}},"2":{"start":{"line":3,"column":0},"end":{"line":3,"column":3}},"3":{"start":{"line":4,"column":0},"end":{"line":4,"column":23}}},"s":{"0":1,"1":1,"2":1,"3":1},"branchMap":{"0":{"type":"branch","line":1,"loc":{"start":{"line":1,"column":0},"end":{"line":3,"column":3}},"locations":[{"start":{"line":1,"column":0},"end":{"line":3,"column":3}}]}},"b":{"0":[1]},"fnMap":{"0":{"name":"sum","decl":{"start":{"line":1,"column":0},"end":{"line":3,"column":3}},"loc":{"start":{"line":1,"column":0},"end":{"line":3,"column":3}},"line":1}},"f":{"0":1}}
,"C:\\Users\\angel\\OneDrive\\Documentos\\byu_cursos\\angello_programación\\web_services\\cse341_finalproject\\src\\filterByTerm.js": {"path":"C:\\Users\\angel\\OneDrive\\Documentos\\byu_cursos\\angello_programación\\web_services\\cse341_finalproject\\src\\filterByTerm.js","all":false,"statementMap":{"0":{"start":{"line":1,"column":0},"end":{"line":1,"column":45}},"1":{"start":{"line":2,"column":0},"end":{"line":2,"column":63}},"2":{"start":{"line":3,"column":0},"end":{"line":3,"column":76}},"3":{"start":{"line":4,"column":0},"end":{"line":4,"column":44}},"4":{"start":{"line":5,"column":0},"end":{"line":5,"column":49}},"5":{"start":{"line":6,"column":0},"end":{"line":6,"column":41}},"6":{"start":{"line":7,"column":0},"end":{"line":7,"column":5}},"7":{"start":{"line":8,"column":0},"end":{"line":8,"column":3}},"8":{"start":{"line":9,"column":0},"end":{"line":9,"column":2}},"9":{"start":{"line":10,"column":0},"end":{"line":10,"column":32}}},"s":{"0":1,"1":1,"2":1,"3":1,"4":1,"5":3,"6":1,"7":1,"8":1,"9":1},"branchMap":{"0":{"type":"branch","line":1,"loc":{"start":{"line":1,"column":0},"end":{"line":8,"column":3}},"locations":[{"start":{"line":1,"column":0},"end":{"line":8,"column":3}}]},"1":{"type":"branch","line":2,"loc":{"start":{"line":2,"column":21},"end":{"line":2,"column":63}},"locations":[{"start":{"line":2,"column":21},"end":{"line":2,"column":63}}]},"2":{"type":"branch","line":3,"loc":{"start":{"line":3,"column":24},"end":{"line":3,"column":64}},"locations":[{"start":{"line":3,"column":24},"end":{"line":3,"column":64}}]},"3":{"type":"branch","line":5,"loc":{"start":{"line":5,"column":25},"end":{"line":7,"column":3}},"locations":[{"start":{"line":5,"column":25},"end":{"line":7,"column":3}}]}},"b":{"0":[1],"1":[0],"2":[0],"3":[3]},"fnMap":{"0":{"name":"filterByTerm","decl":{"start":{"line":1,"column":0},"end":{"line":8,"column":3}},"loc":{"start":{"line":1,"column":0},"end":{"line":8,"column":3}},"line":1}},"f":{"0":1}}
}
